

Started GET "/" for 127.0.0.1 at 2014-03-10 09:44:59 -0500

Mysql2::Error (Access denied for user 'root'@'localhost' (using password: NO)):
  mysql2 (0.3.15) lib/mysql2/client.rb:67:in `connect'
  mysql2 (0.3.15) lib/mysql2/client.rb:67:in `initialize'
  activerecord (4.0.3) lib/active_record/connection_adapters/mysql2_adapter.rb:18:in `new'
  activerecord (4.0.3) lib/active_record/connection_adapters/mysql2_adapter.rb:18:in `mysql2_connection'
  activerecord (4.0.3) lib/active_record/connection_adapters/abstract/connection_pool.rb:440:in `new_connection'
  activerecord (4.0.3) lib/active_record/connection_adapters/abstract/connection_pool.rb:450:in `checkout_new_connection'
  activerecord (4.0.3) lib/active_record/connection_adapters/abstract/connection_pool.rb:421:in `acquire_connection'
  activerecord (4.0.3) lib/active_record/connection_adapters/abstract/connection_pool.rb:356:in `block in checkout'
  /Users/mhillis/.rbenv/versions/2.1.1/lib/ruby/2.1.0/monitor.rb:211:in `mon_synchronize'
  activerecord (4.0.3) lib/active_record/connection_adapters/abstract/connection_pool.rb:355:in `checkout'
  activerecord (4.0.3) lib/active_record/connection_adapters/abstract/connection_pool.rb:265:in `block in connection'
  /Users/mhillis/.rbenv/versions/2.1.1/lib/ruby/2.1.0/monitor.rb:211:in `mon_synchronize'
  activerecord (4.0.3) lib/active_record/connection_adapters/abstract/connection_pool.rb:264:in `connection'
  activerecord (4.0.3) lib/active_record/connection_adapters/abstract/connection_pool.rb:546:in `retrieve_connection'
  activerecord (4.0.3) lib/active_record/connection_handling.rb:79:in `retrieve_connection'
  activerecord (4.0.3) lib/active_record/connection_handling.rb:53:in `connection'
  activerecord (4.0.3) lib/active_record/query_cache.rb:51:in `restore_query_cache_settings'
  activerecord (4.0.3) lib/active_record/query_cache.rb:43:in `rescue in call'
  activerecord (4.0.3) lib/active_record/query_cache.rb:32:in `call'
  activerecord (4.0.3) lib/active_record/connection_adapters/abstract/connection_pool.rb:626:in `call'
  activerecord (4.0.3) lib/active_record/migration.rb:369:in `call'
  actionpack (4.0.3) lib/action_dispatch/middleware/callbacks.rb:29:in `block in call'
  activesupport (4.0.3) lib/active_support/callbacks.rb:373:in `_run__3815210316526802272__call__callbacks'
  activesupport (4.0.3) lib/active_support/callbacks.rb:80:in `run_callbacks'
  actionpack (4.0.3) lib/action_dispatch/middleware/callbacks.rb:27:in `call'
  actionpack (4.0.3) lib/action_dispatch/middleware/reloader.rb:64:in `call'
  actionpack (4.0.3) lib/action_dispatch/middleware/remote_ip.rb:76:in `call'
  actionpack (4.0.3) lib/action_dispatch/middleware/debug_exceptions.rb:17:in `call'
  actionpack (4.0.3) lib/action_dispatch/middleware/show_exceptions.rb:30:in `call'
  railties (4.0.3) lib/rails/rack/logger.rb:38:in `call_app'
  railties (4.0.3) lib/rails/rack/logger.rb:20:in `block in call'
  activesupport (4.0.3) lib/active_support/tagged_logging.rb:67:in `block in tagged'
  activesupport (4.0.3) lib/active_support/tagged_logging.rb:25:in `tagged'
  activesupport (4.0.3) lib/active_support/tagged_logging.rb:67:in `tagged'
  railties (4.0.3) lib/rails/rack/logger.rb:20:in `call'
  actionpack (4.0.3) lib/action_dispatch/middleware/request_id.rb:21:in `call'
  rack (1.5.2) lib/rack/methodoverride.rb:21:in `call'
  rack (1.5.2) lib/rack/runtime.rb:17:in `call'
  activesupport (4.0.3) lib/active_support/cache/strategy/local_cache.rb:83:in `call'
  rack (1.5.2) lib/rack/lock.rb:17:in `call'
  actionpack (4.0.3) lib/action_dispatch/middleware/static.rb:64:in `call'
  rack (1.5.2) lib/rack/sendfile.rb:112:in `call'
  railties (4.0.3) lib/rails/engine.rb:511:in `call'
  railties (4.0.3) lib/rails/application.rb:97:in `call'
  rack (1.5.2) lib/rack/lock.rb:17:in `call'
  rack (1.5.2) lib/rack/content_length.rb:14:in `call'
  rack (1.5.2) lib/rack/handler/webrick.rb:60:in `service'
  /Users/mhillis/.rbenv/versions/2.1.1/lib/ruby/2.1.0/webrick/httpserver.rb:138:in `service'
  /Users/mhillis/.rbenv/versions/2.1.1/lib/ruby/2.1.0/webrick/httpserver.rb:94:in `run'
  /Users/mhillis/.rbenv/versions/2.1.1/lib/ruby/2.1.0/webrick/server.rb:295:in `block in start_thread'


  Rendered /Users/mhillis/.rbenv/versions/2.1.1/lib/ruby/gems/2.1.0/gems/actionpack-4.0.3/lib/action_dispatch/middleware/templates/rescues/_source.erb (0.6ms)
  Rendered /Users/mhillis/.rbenv/versions/2.1.1/lib/ruby/gems/2.1.0/gems/actionpack-4.0.3/lib/action_dispatch/middleware/templates/rescues/_trace.erb (1.0ms)
  Rendered /Users/mhillis/.rbenv/versions/2.1.1/lib/ruby/gems/2.1.0/gems/actionpack-4.0.3/lib/action_dispatch/middleware/templates/rescues/_request_and_response.erb (0.9ms)
  Rendered /Users/mhillis/.rbenv/versions/2.1.1/lib/ruby/gems/2.1.0/gems/actionpack-4.0.3/lib/action_dispatch/middleware/templates/rescues/diagnostics.erb within rescues/layout (14.4ms)


Started GET "/" for 127.0.0.1 at 2014-03-10 09:46:28 -0500
Processing by Rails::WelcomeController#index as HTML
  Rendered /Users/mhillis/.rbenv/versions/2.1.1/lib/ruby/gems/2.1.0/gems/railties-4.0.3/lib/rails/templates/rails/welcome/index.html.erb (1.2ms)
Completed 200 OK in 6ms (Views: 5.6ms | ActiveRecord: 0.0ms)


Started GET "/" for 127.0.0.1 at 2014-03-10 09:51:52 -0500
Processing by Rails::WelcomeController#index as HTML
  Rendered /Users/mhillis/.rbenv/versions/2.1.1/lib/ruby/gems/2.1.0/gems/railties-4.0.3/lib/rails/templates/rails/welcome/index.html.erb (1.2ms)
Completed 200 OK in 6ms (Views: 5.5ms | ActiveRecord: 0.0ms)


Started GET "/demo/index" for 127.0.0.1 at 2014-03-10 09:52:00 -0500
Processing by DemoController#index as HTML
  Rendered demo/index.html.erb (0.2ms)
Completed 200 OK in 1ms (Views: 1.1ms | ActiveRecord: 0.0ms)
